2025-06-09 10:51:17 [INFO]: Inicio de sesión exitoso usuario: Marlen16 
2025-06-09 10:51:59 [INFO]: Red social actualizada {"usuario":"Marlen16","redId":"4"}
2025-06-09 10:52:05 [INFO]: Red social actualizada {"usuario":"Marlen16","redId":"4"}
2025-06-09 10:52:10 [INFO]: Red social eliminada {"usuario":"Marlen16","redId":"4"}
2025-06-09 10:52:34 [INFO]: Red social creada {"usuario":"Marlen16","redId":5}
2025-06-09 10:52:49 [INFO]: Perfil de empresa actualizado {"usuario":"Marlen16","empresaId":"1"}
2025-06-09 10:53:40 [INFO]: Usuario bloqueado - Usuario: Adriana12 
2025-06-09 10:53:43 [INFO]: Cuenta desbloqueada - Usuario: Adriana12 
2025-06-09 10:53:54 [ERROR]: Error al obtener las categorías {"modulo":"categorias.controller.js","error":"\nInvalid `prisma.categorias.findMany()` invocation:\n\n{\n  orderBy: {\n    ID_Categoria: \"ASC\"\n                  ~~~~~\n  }\n}\n\nInvalid value for argument `ID_Categoria`. Expected SortOrder."}
2025-06-09 10:53:54 [ERROR]: Error al obtener las categorías {"modulo":"categorias.controller.js","error":"\nInvalid `prisma.categorias.findMany()` invocation:\n\n{\n  orderBy: {\n    ID_Categoria: \"ASC\"\n                  ~~~~~\n  }\n}\n\nInvalid value for argument `ID_Categoria`. Expected SortOrder."}
2025-06-09 10:54:02 [ERROR]: Error al actualizar producto {"error":"\nInvalid `prisma.productos.update()` invocation:\n\n{\n  where: {\n    ID_Producto: 27\n  },\n  data: {\n    Nombre: \"Hot Dog Embarasado\",\n    Descripcion: \"¡Una bomba de sabor! Salchicha grande envuelta en tocino, acompañada de papas a la francesa, queso fundido, jalapeños y aderezos sobre pan artesanal.\",\n    ID_Categoria: 13,\n    TieneTamanos: 0,\n                  ~\n    Precio: 82,\n    Disponible: 0\n  }\n}\n\nArgument `TieneTamanos`: Invalid value provided. Expected Boolean or BoolFieldUpdateOperationsInput, provided Int."}
2025-06-09 10:54:03 [ERROR]: Error al actualizar producto {"error":"\nInvalid `prisma.productos.update()` invocation:\n\n{\n  where: {\n    ID_Producto: 27\n  },\n  data: {\n    Nombre: \"Hot Dog Embarasado\",\n    Descripcion: \"¡Una bomba de sabor! Salchicha grande envuelta en tocino, acompañada de papas a la francesa, queso fundido, jalapeños y aderezos sobre pan artesanal.\",\n    ID_Categoria: 13,\n    TieneTamanos: 0,\n                  ~\n    Precio: 82,\n    Disponible: 0\n  }\n}\n\nArgument `TieneTamanos`: Invalid value provided. Expected Boolean or BoolFieldUpdateOperationsInput, provided Int."}
2025-06-09 10:54:04 [ERROR]: Error al actualizar producto {"error":"\nInvalid `prisma.productos.update()` invocation:\n\n{\n  where: {\n    ID_Producto: 27\n  },\n  data: {\n    Nombre: \"Hot Dog Embarasado\",\n    Descripcion: \"¡Una bomba de sabor! Salchicha grande envuelta en tocino, acompañada de papas a la francesa, queso fundido, jalapeños y aderezos sobre pan artesanal.\",\n    ID_Categoria: 13,\n    TieneTamanos: 0,\n                  ~\n    Precio: 82,\n    Disponible: 0\n  }\n}\n\nArgument `TieneTamanos`: Invalid value provided. Expected Boolean or BoolFieldUpdateOperationsInput, provided Int."}
2025-06-09 10:54:23 [ERROR]: Error al obtener las categorías {"modulo":"categorias.controller.js","error":"\nInvalid `prisma.categorias.findMany()` invocation:\n\n{\n  orderBy: {\n    ID_Categoria: \"ASC\"\n                  ~~~~~\n  }\n}\n\nInvalid value for argument `ID_Categoria`. Expected SortOrder."}
2025-06-09 10:54:23 [ERROR]: Error al obtener las categorías {"modulo":"categorias.controller.js","error":"\nInvalid `prisma.categorias.findMany()` invocation:\n\n{\n  orderBy: {\n    ID_Categoria: \"ASC\"\n                  ~~~~~\n  }\n}\n\nInvalid value for argument `ID_Categoria`. Expected SortOrder."}
2025-06-09 10:56:50 [INFO]: Sesión cerrada correctamente - Usuario: Marlen16 
2025-06-09 10:56:59 [INFO]: Cuenta desbloqueada automáticamente al iniciar sesión usuario: Marlen12 
2025-06-09 10:56:59 [INFO]: Inicio de sesión exitoso usuario: Marlen12 
2025-06-09 10:57:56 [ERROR]: Error al obtener las categorías {"modulo":"categorias.controller.js","error":"\nInvalid `prisma.categorias.findMany()` invocation:\n\n{\n  orderBy: {\n    ID_Categoria: \"ASC\"\n                  ~~~~~\n  }\n}\n\nInvalid value for argument `ID_Categoria`. Expected SortOrder."}
2025-06-09 10:57:56 [ERROR]: Error al obtener las categorías {"modulo":"categorias.controller.js","error":"\nInvalid `prisma.categorias.findMany()` invocation:\n\n{\n  orderBy: {\n    ID_Categoria: \"ASC\"\n                  ~~~~~\n  }\n}\n\nInvalid value for argument `ID_Categoria`. Expected SortOrder."}
