2025-03-12 01:15:00 [WARN]: Intento fallido de inicio de sesión - Usuario: Marlen12
2025-03-12 01:15:12 [INFO]: Inicio de sesión exitoso - Usuario: Marlen12
2025-03-12 01:49:16 [WARN]: Intento fallido de inicio de sesión - Usuario: Marlen12
2025-03-12 01:49:21 [WARN]: Intento fallido de inicio de sesión - Usuario: Marlen12
2025-03-12 01:49:25 [ERROR]: Cuenta bloqueada por intentos fallidos - Usuario: Marlen12
2025-03-12 01:49:36 [WARN]: Intento de acceso a cuenta bloqueada - Usuario: Marlen12, Tiempo restante: 5 minutos
2025-03-12 02:23:43 [INFO]: Inicio de sesión exitoso - Usuario: Marlen12
2025-03-15 15:15:32 [WARN]: Intento fallido de inicio de sesión - Usuario: Marlen12
2025-03-15 15:15:38 [INFO]: Inicio de sesión exitoso - Usuario: Marlen12
2025-03-15 15:35:26 [INFO]: Inicio de sesión exitoso - Usuario: Marlen12
2025-03-15 15:35:57 [WARN]: Intento fallido de inicio de sesión - Usuario: Marlen16
2025-03-15 15:36:01 [INFO]: Inicio de sesión exitoso - Usuario: Marlen16
2025-03-15 15:59:41 [INFO]: Inicio de sesión exitoso - Usuario: Marlen16
2025-03-15 15:59:54 [INFO]: Inicio de sesión exitoso - Usuario: Marlen12
2025-03-15 16:23:19 [INFO]: Inicio de sesión exitoso - Usuario: Marlen16
2025-03-15 16:29:15 [INFO]: Inicio de sesión exitoso - Usuario: Marlen16
2025-03-15 16:33:01 [INFO]: Inicio de sesión exitoso - Usuario: Marlen16
2025-03-15 16:57:07 [INFO]: Inicio de sesión exitoso - Usuario: Marlen16
2025-03-16 10:53:43 [INFO]: Inicio de sesión exitoso - Usuario: Marlen13
2025-03-16 11:36:00 [WARN]: Intento de inicio de sesión fallido - Usuario: 20221126@uthh.edu.mx
2025-03-16 11:36:29 [WARN]: Intento de inicio de sesión fallido - Usuario: 20221126@uthh.edu.mx
2025-03-16 11:36:55 [WARN]: Intento de inicio de sesión fallido - Usuario: 20221126@uthh.edu.mx
2025-03-16 11:37:44 [WARN]: Intento de inicio de sesión fallido - Usuario: marlenh652@gmail.com
2025-03-16 11:37:48 [WARN]: Intento de inicio de sesión fallido - Usuario: marlenh652@gmail.com
2025-03-16 12:50:32 [INFO]: ✅ Inicio de sesión exitoso - Usuario: Marlen16
2025-03-16 12:50:45 [ERROR]: 🚫 Cuenta bloqueada por intentos fallidos - Usuario: Marlen12
2025-03-16 12:51:18 [ERROR]: 🚫 Cuenta bloqueada por intentos fallidos - Usuario: Marlen12
2025-03-16 12:51:51 [INFO]: ✅ Inicio de sesión exitoso - Usuario: Marlen16
2025-03-16 12:54:18 [ERROR]: 🚫 Cuenta bloqueada por intentos fallidos - Usuario: Marlen12
2025-03-16 12:54:23 [INFO]: ✅ Inicio de sesión exitoso - Usuario: Marlen12
2025-03-16 12:55:20 [INFO]: ✅ Inicio de sesión exitoso - Usuario: Marlen12
2025-03-16 13:03:38 [ERROR]: 🚫 Cuenta bloqueada por intentos fallidos - Usuario: Marlen12
2025-03-16 13:03:44 [INFO]: ✅ Inicio de sesión exitoso - Usuario: Marlen12
2025-03-16 13:04:19 [ERROR]: 🚫 Cuenta bloqueada por intentos fallidos - Usuario: Marlen12
2025-03-16 14:34:49 [ERROR]: ⛔ Cuenta bloqueada por intentos fallidos - Usuario: Marlen12
2025-03-16 14:46:30 [ERROR]: ⛔ Cuenta bloqueada por intentos fallidos - Usuario: Marlen12
2025-03-16 15:06:32 [ERROR]: ⛔ Cuenta bloqueada por intentos fallidos - Usuario: Marlen12
2025-03-19 10:43:10 [INFO]: Usuario bloqueado - Usuario: Marli
2025-03-19 10:43:20 [INFO]: Cuenta desbloqueada - Usuario: Marli
2025-03-19 10:43:35 [INFO]: Usuario bloqueado - Usuario: Marli
2025-03-19 10:43:39 [INFO]: Cuenta desbloqueada - Usuario: Marli
2025-03-19 12:03:17 [INFO]: Cuenta desbloqueada - Usuario: Marlen12
2025-03-19 12:03:27 [INFO]: Usuario bloqueado - Usuario: Marlen12
2025-03-20 14:37:08 [INFO]: Cuenta desbloqueada - Usuario: Marlen12
2025-03-20 17:17:59 [INFO]: Usuario bloqueado - Usuario: Marli
2025-03-20 18:03:29 [INFO]: Cuenta desbloqueada - Usuario: Adela12
2025-03-20 19:05:06 [INFO]: Usuario bloqueado - Usuario: Marli
2025-03-20 19:07:13 [INFO]: Usuario bloqueado - Usuario: Marli
2025-03-20 19:13:16 [INFO]: Usuario bloqueado - Usuario: Marlen13
